app/build/outputs/logs/manifest-merger-debug-report.txt
-- Merging decision tree log ---
manifest
ADDED from src/main/AndroidManifest.xml:3:1-74:12
	package
		ADDED from src/main/AndroidManifest.xml:4:5-48
		INJECTED from src/main/AndroidManifest.xml
		INJECTED from src/main/AndroidManifest.xml
	android:versionName
		INJECTED from src/main/AndroidManifest.xml
		INJECTED from src/main/AndroidManifest.xml
	xmlns:android
		ADDED from src/main/AndroidManifest.xml:3:11-69
	android:versionCode
		INJECTED from src/main/AndroidManifest.xml
		INJECTED from src/main/AndroidManifest.xml
application
ADDED from src/main/AndroidManifest.xml:6:5-72:19
MERGED from [com.android.support:design:23.3.0] AndroidManifest.xml:22:5-20
MERGED from [com.android.support:appcompat-v7:23.3.0] AndroidManifest.xml:25:5-20
MERGED from [com.android.support:animated-vector-drawable:23.3.0] AndroidManifest.xml:7:5-20
MERGED from [com.android.support:support-vector-drawable:23.3.0] AndroidManifest.xml:7:5-20
MERGED from [com.android.support:support-v4:23.3.0] AndroidManifest.xml:22:5-20
	android:label
		ADDED from src/main/AndroidManifest.xml:9:9-41
	android:supportsRtl
		ADDED from src/main/AndroidManifest.xml:10:9-35
	android:allowBackup
		ADDED from src/main/AndroidManifest.xml:7:9-35
	android:icon
		ADDED from src/main/AndroidManifest.xml:8:9-43
	android:theme
		ADDED from src/main/AndroidManifest.xml:11:9-40
activity#com.example.android.learnmalyalam.MainActivity
ADDED from src/main/AndroidManifest.xml:12:9-18:20
	android:name
		ADDED from src/main/AndroidManifest.xml:12:19-80
intent-filter#android.intent.action.MAIN+android.intent.category.LAUNCHER
ADDED from src/main/AndroidManifest.xml:13:13-17:29
action#android.intent.action.MAIN
ADDED from src/main/AndroidManifest.xml:14:17-69
	android:name
		ADDED from src/main/AndroidManifest.xml:14:25-66
category#android.intent.category.LAUNCHER
ADDED from src/main/AndroidManifest.xml:16:17-77
	android:name
		ADDED from src/main/AndroidManifest.xml:16:27-74
activity#com.example.android.learnmalyalam.NumbersActivity
ADDED from src/main/AndroidManifest.xml:20:10-28:20
	android:label
		ADDED from src/main/AndroidManifest.xml:22:13-53
	android:parentActivityName
		ADDED from src/main/AndroidManifest.xml:23:13-55
	android:name
		ADDED from src/main/AndroidManifest.xml:21:12-76
meta-data#android.support.PARENT_ACTIVITY
ADDED from src/main/AndroidManifest.xml:25:13-27:48
	android:value
		ADDED from src/main/AndroidManifest.xml:27:17-46
	android:name
		ADDED from src/main/AndroidManifest.xml:26:17-63
activity#com.example.android.learnmalyalam.FamilyMembersActivity
ADDED from src/main/AndroidManifest.xml:29:9-37:20
	android:label
		ADDED from src/main/AndroidManifest.xml:31:13-52
	android:parentActivityName
		ADDED from src/main/AndroidManifest.xml:32:13-55
	android:name
		ADDED from src/main/AndroidManifest.xml:30:13-83
activity#com.example.android.learnmalyalam.ColoursActivity
ADDED from src/main/AndroidManifest.xml:38:9-46:20
	android:label
		ADDED from src/main/AndroidManifest.xml:40:13-52
	android:parentActivityName
		ADDED from src/main/AndroidManifest.xml:41:13-55
	android:name
		ADDED from src/main/AndroidManifest.xml:39:13-77
activity#com.example.android.learnmalyalam.PhrasesActivity
ADDED from src/main/AndroidManifest.xml:48:9-56:20
	android:label
		ADDED from src/main/AndroidManifest.xml:50:13-53
	android:parentActivityName
		ADDED from src/main/AndroidManifest.xml:51:13-55
	android:name
		ADDED from src/main/AndroidManifest.xml:49:13-77
activity#com.example.android.learnmalyalam.SearchActivity
ADDED from src/main/AndroidManifest.xml:58:9-71:20
	android:label
		ADDED from src/main/AndroidManifest.xml:59:13-43
	android:launchMode
		ADDED from src/main/AndroidManifest.xml:60:13-43
	android:name
		ADDED from src/main/AndroidManifest.xml:61:13-76
intent-filter#android.intent.action.SEARCH
ADDED from src/main/AndroidManifest.xml:62:13-64:29
action#android.intent.action.SEARCH
ADDED from src/main/AndroidManifest.xml:63:17-71
	android:name
		ADDED from src/main/AndroidManifest.xml:63:25-68
intent-filter#android.intent.action.VIEW
ADDED from src/main/AndroidManifest.xml:65:13-67:29
action#android.intent.action.VIEW
ADDED from src/main/AndroidManifest.xml:66:17-69
	android:name
		ADDED from src/main/AndroidManifest.xml:66:25-66
meta-data#android.app.activity_main
ADDED from src/main/AndroidManifest.xml:68:13-70:60
	android:resource
		ADDED from src/main/AndroidManifest.xml:70:17-57
	android:name
		ADDED from src/main/AndroidManifest.xml:69:17-57
uses-sdk
INJECTED from src/main/AndroidManifest.xml reason: use-sdk injection requested
MERGED from [com.android.support:design:23.3.0] AndroidManifest.xml:20:5-43
MERGED from [com.android.support:appcompat-v7:23.3.0] AndroidManifest.xml:21:5-23:78
MERGED from [com.android.support:animated-vector-drawable:23.3.0] AndroidManifest.xml:5:5-44
MERGED from [com.android.support:support-vector-drawable:23.3.0] AndroidManifest.xml:5:5-43
MERGED from [com.android.support:recyclerview-v7:23.3.0] AndroidManifest.xml:20:5-43
MERGED from [com.android.support:support-v4:23.3.0] AndroidManifest.xml:20:5-43
	tools:overrideLibrary
		ADDED from [com.android.support:appcompat-v7:23.3.0] AndroidManifest.xml:23:9-75
	android:targetSdkVersion
		INJECTED from src/main/AndroidManifest.xml
		INJECTED from src/main/AndroidManifest.xml
	android:minSdkVersion
		INJECTED from src/main/AndroidManifest.xml
		INJECTED from src/main/AndroidManifest.xml